00:00:04.077 INFO  Data retrieved from Hager Services
00:00:04.847 INFO  device : gbox001739 has been updated.
00:00:04.847 INFO  device : GBOX001728 has been updated.
00:00:04.852 INFO  device : GBOX001726 has been updated.
00:00:04.856 INFO  device : GBOX001729 has been updated.
00:00:04.857 INFO  device : GBOX001722 has been updated.
00:00:04.858 INFO  device : GBOX001724 has been updated.
00:00:04.860 INFO  device : gbox001741 has been updated.
00:00:04.863 INFO  device : gbox001740 has been updated.
00:00:04.864 INFO  device : GBOX001727 has been updated.
00:00:04.867 INFO  device : gbox001738 has been updated.
00:15:03.570 INFO  Data retrieved from Hager Services
00:15:04.934 INFO  device : GBOX001727 has been updated.
00:15:04.937 INFO  device : gbox001740 has been updated.
00:15:04.941 INFO  device : GBOX001729 has been updated.
00:15:04.941 INFO  device : GBOX001728 has been updated.
00:15:04.944 INFO  device : gbox001738 has been updated.
00:15:04.948 INFO  device : GBOX001722 has been updated.
00:15:04.949 INFO  device : GBOX001724 has been updated.
00:15:04.950 INFO  device : gbox001741 has been updated.
00:15:04.953 INFO  device : gbox001739 has been updated.
00:15:04.954 INFO  device : GBOX001726 has been updated.
00:30:03.944 INFO  Data retrieved from Hager Services
00:30:05.256 INFO  device : gbox001740 has been updated.
00:30:05.258 INFO  device : gbox001739 has been updated.
00:30:05.259 INFO  device : GBOX001727 has been updated.
00:30:05.261 INFO  device : GBOX001729 has been updated.
00:30:05.264 INFO  device : GBOX001726 has been updated.
00:30:05.271 INFO  device : GBOX001722 has been updated.
00:30:05.273 INFO  device : gbox001741 has been updated.
00:30:05.273 INFO  device : GBOX001728 has been updated.
00:30:05.277 INFO  device : gbox001738 has been updated.
00:30:05.278 INFO  device : GBOX001724 has been updated.
00:45:03.892 INFO  Data retrieved from Hager Services
00:45:05.152 INFO  device : GBOX001727 has been updated.
00:45:05.155 INFO  device : GBOX001722 has been updated.
00:45:05.156 INFO  device : gbox001740 has been updated.
00:45:05.158 INFO  device : GBOX001726 has been updated.
00:45:05.159 INFO  device : GBOX001728 has been updated.
00:45:05.160 INFO  device : gbox001741 has been updated.
00:45:05.162 INFO  device : gbox001739 has been updated.
00:45:05.163 INFO  device : GBOX001724 has been updated.
00:45:05.164 INFO  device : GBOX001729 has been updated.
00:45:05.168 INFO  device : gbox001738 has been updated.
01:00:04.111 INFO  Data retrieved from Hager Services
01:00:05.130 INFO  device : gbox001741 has been updated.
01:00:05.163 INFO  device : GBOX001724 has been updated.
01:00:05.171 INFO  device : GBOX001726 has been updated.
01:00:05.174 INFO  device : gbox001740 has been updated.
01:00:05.177 INFO  device : GBOX001728 has been updated.
01:00:05.178 INFO  device : gbox001739 has been updated.
01:00:05.181 INFO  device : GBOX001727 has been updated.
01:00:05.184 INFO  device : GBOX001722 has been updated.
01:00:05.184 INFO  device : gbox001738 has been updated.
01:00:05.186 INFO  device : GBOX001729 has been updated.
01:15:03.725 INFO  Data retrieved from Hager Services
01:15:04.642 INFO  device : GBOX001724 has been updated.
01:15:04.644 INFO  device : gbox001738 has been updated.
01:15:04.644 INFO  device : gbox001741 has been updated.
01:15:04.649 INFO  device : gbox001740 has been updated.
01:15:04.650 INFO  device : GBOX001727 has been updated.
01:15:04.651 INFO  device : gbox001739 has been updated.
01:15:04.654 INFO  device : GBOX001726 has been updated.
01:15:04.655 INFO  device : GBOX001722 has been updated.
01:15:04.658 INFO  device : GBOX001729 has been updated.
01:15:04.662 INFO  device : GBOX001728 has been updated.
01:30:04.376 INFO  Data retrieved from Hager Services
01:30:05.747 INFO  device : GBOX001726 has been updated.
01:30:05.787 INFO  device : gbox001738 has been updated.
01:30:05.789 INFO  device : GBOX001728 has been updated.
01:30:05.795 INFO  device : gbox001741 has been updated.
01:30:05.806 INFO  device : GBOX001729 has been updated.
01:30:05.809 INFO  device : GBOX001724 has been updated.
01:30:05.813 INFO  device : gbox001739 has been updated.
01:30:05.817 INFO  device : GBOX001727 has been updated.
01:30:05.822 INFO  device : GBOX001722 has been updated.
01:30:05.830 INFO  device : gbox001740 has been updated.
01:45:04.138 INFO  Data retrieved from Hager Services
01:45:05.117 INFO  device : gbox001741 has been updated.
01:45:05.148 INFO  device : GBOX001729 has been updated.
01:45:05.153 INFO  device : GBOX001727 has been updated.
01:45:05.161 INFO  device : GBOX001724 has been updated.
01:45:05.164 INFO  device : GBOX001728 has been updated.
01:45:05.173 INFO  device : gbox001740 has been updated.
01:45:05.177 INFO  device : GBOX001722 has been updated.
01:45:05.183 INFO  device : GBOX001726 has been updated.
01:45:05.186 INFO  device : gbox001739 has been updated.
01:45:05.191 INFO  device : gbox001738 has been updated.
02:00:03.755 INFO  Data retrieved from Hager Services
02:00:05.033 INFO  device : GBOX001724 has been updated.
02:00:05.036 INFO  device : gbox001741 has been updated.
02:00:05.039 INFO  device : gbox001738 has been updated.
02:00:05.047 INFO  device : GBOX001722 has been updated.
02:00:05.050 INFO  device : GBOX001729 has been updated.
02:00:05.055 INFO  device : gbox001740 has been updated.
02:00:05.058 INFO  device : GBOX001727 has been updated.
02:00:05.059 INFO  device : GBOX001728 has been updated.
02:00:05.062 INFO  device : GBOX001726 has been updated.
02:00:05.068 INFO  device : gbox001739 has been updated.
02:15:03.886 INFO  Data retrieved from Hager Services
02:15:04.681 INFO  device : GBOX001722 has been updated.
02:15:04.694 INFO  device : gbox001741 has been updated.
02:15:04.696 INFO  device : GBOX001724 has been updated.
02:15:04.697 INFO  device : GBOX001729 has been updated.
02:15:04.700 INFO  device : GBOX001728 has been updated.
02:15:04.701 INFO  device : gbox001739 has been updated.
02:15:04.702 INFO  device : gbox001740 has been updated.
02:15:04.703 INFO  device : gbox001738 has been updated.
02:15:04.705 INFO  device : GBOX001727 has been updated.
02:15:04.709 INFO  device : GBOX001726 has been updated.
02:30:04.247 INFO  Data retrieved from Hager Services
02:30:05.033 INFO  device : GBOX001726 has been updated.
02:30:05.034 INFO  device : GBOX001724 has been updated.
02:30:05.048 INFO  device : gbox001740 has been updated.
02:30:05.049 INFO  device : GBOX001722 has been updated.
02:30:05.054 INFO  device : gbox001738 has been updated.
02:30:05.054 INFO  device : GBOX001728 has been updated.
02:30:05.055 INFO  device : gbox001741 has been updated.
02:30:05.058 INFO  device : GBOX001727 has been updated.
02:30:05.059 INFO  device : gbox001739 has been updated.
02:30:05.060 INFO  device : GBOX001729 has been updated.
02:45:04.284 INFO  Data retrieved from Hager Services
02:45:05.397 INFO  device : gbox001741 has been updated.
02:45:05.414 INFO  device : GBOX001726 has been updated.
02:45:05.421 INFO  device : GBOX001724 has been updated.
02:45:05.433 INFO  device : gbox001740 has been updated.
02:45:05.434 INFO  device : GBOX001727 has been updated.
02:45:05.434 INFO  device : GBOX001729 has been updated.
02:45:05.442 INFO  device : GBOX001728 has been updated.
02:45:05.449 INFO  device : gbox001739 has been updated.
02:45:05.452 INFO  device : GBOX001722 has been updated.
02:45:05.460 INFO  device : gbox001738 has been updated.
03:00:03.834 INFO  Data retrieved from Hager Services
03:00:04.609 INFO  device : GBOX001724 has been updated.
03:00:04.615 INFO  device : GBOX001727 has been updated.
03:00:04.621 INFO  device : gbox001738 has been updated.
03:00:04.624 INFO  device : GBOX001722 has been updated.
03:00:04.626 INFO  device : gbox001740 has been updated.
03:00:04.630 INFO  device : GBOX001729 has been updated.
03:00:04.632 INFO  device : GBOX001726 has been updated.
03:00:04.633 INFO  device : gbox001739 has been updated.
03:00:04.637 INFO  device : GBOX001728 has been updated.
03:00:04.643 INFO  device : gbox001741 has been updated.
03:15:03.980 INFO  Data retrieved from Hager Services
03:15:05.298 INFO  device : gbox001740 has been updated.
03:15:05.302 INFO  device : gbox001738 has been updated.
03:15:05.308 INFO  device : GBOX001729 has been updated.
03:15:05.310 INFO  device : GBOX001726 has been updated.
03:15:05.314 INFO  device : gbox001741 has been updated.
03:15:05.315 INFO  device : gbox001739 has been updated.
03:15:05.319 INFO  device : GBOX001724 has been updated.
03:15:05.322 INFO  device : GBOX001722 has been updated.
03:15:05.324 INFO  device : GBOX001727 has been updated.
03:15:05.326 INFO  device : GBOX001728 has been updated.
03:30:03.789 INFO  Data retrieved from Hager Services
03:30:04.707 INFO  device : gbox001740 has been updated.
03:30:04.708 INFO  device : GBOX001727 has been updated.
03:30:04.722 INFO  device : gbox001739 has been updated.
03:30:04.722 INFO  device : GBOX001726 has been updated.
03:30:04.723 INFO  device : gbox001738 has been updated.
03:30:04.729 INFO  device : GBOX001728 has been updated.
03:30:04.730 INFO  device : gbox001741 has been updated.
03:30:04.731 INFO  device : GBOX001724 has been updated.
03:30:04.732 INFO  device : GBOX001722 has been updated.
03:30:04.734 INFO  device : GBOX001729 has been updated.
03:45:04.012 INFO  Data retrieved from Hager Services
03:45:05.098 INFO  device : gbox001739 has been updated.
03:45:05.103 INFO  device : GBOX001724 has been updated.
03:45:05.105 INFO  device : GBOX001729 has been updated.
03:45:05.109 INFO  device : GBOX001722 has been updated.
03:45:05.112 INFO  device : GBOX001726 has been updated.
03:45:05.114 INFO  device : gbox001738 has been updated.
03:45:05.117 INFO  device : GBOX001728 has been updated.
03:45:05.119 INFO  device : GBOX001727 has been updated.
03:45:05.124 INFO  device : gbox001740 has been updated.
03:45:05.129 INFO  device : gbox001741 has been updated.
04:00:03.953 INFO  Data retrieved from Hager Services
04:00:04.888 INFO  device : GBOX001726 has been updated.
04:00:04.890 INFO  device : gbox001740 has been updated.
04:00:04.891 INFO  device : GBOX001722 has been updated.
04:00:04.899 INFO  device : GBOX001724 has been updated.
04:00:04.905 INFO  device : GBOX001727 has been updated.
04:00:04.907 INFO  device : gbox001738 has been updated.
04:00:04.909 INFO  device : gbox001739 has been updated.
04:00:04.911 INFO  device : GBOX001728 has been updated.
04:00:04.914 INFO  device : GBOX001729 has been updated.
04:00:04.920 INFO  device : gbox001741 has been updated.
04:15:04.041 INFO  Data retrieved from Hager Services
04:15:05.298 INFO  device : gbox001740 has been updated.
04:15:05.418 INFO  device : GBOX001726 has been updated.
04:15:05.419 INFO  device : gbox001738 has been updated.
04:15:05.420 INFO  device : gbox001741 has been updated.
04:15:05.439 INFO  device : GBOX001724 has been updated.
04:15:05.440 INFO  device : GBOX001727 has been updated.
04:15:05.448 INFO  device : gbox001739 has been updated.
04:15:05.452 INFO  device : GBOX001729 has been updated.
04:15:05.453 INFO  device : GBOX001728 has been updated.
04:15:05.457 INFO  device : GBOX001722 has been updated.
04:30:03.869 INFO  Data retrieved from Hager Services
04:30:05.102 INFO  device : GBOX001727 has been updated.
04:30:05.175 INFO  device : GBOX001726 has been updated.
04:30:05.187 INFO  device : GBOX001729 has been updated.
04:30:05.188 INFO  device : GBOX001722 has been updated.
04:30:05.203 INFO  device : GBOX001728 has been updated.
04:30:05.204 INFO  device : gbox001740 has been updated.
04:30:05.205 INFO  device : gbox001738 has been updated.
04:30:05.206 INFO  device : gbox001741 has been updated.
04:30:05.214 INFO  device : GBOX001724 has been updated.
04:30:05.227 INFO  device : gbox001739 has been updated.
04:45:04.030 INFO  Data retrieved from Hager Services
04:45:04.942 INFO  device : GBOX001724 has been updated.
04:45:04.946 INFO  device : gbox001739 has been updated.
04:45:04.949 INFO  device : GBOX001728 has been updated.
04:45:04.952 INFO  device : gbox001740 has been updated.
04:45:04.954 INFO  device : GBOX001727 has been updated.
04:45:04.958 INFO  device : GBOX001726 has been updated.
04:45:04.960 INFO  device : gbox001741 has been updated.
04:45:04.962 INFO  device : GBOX001722 has been updated.
04:45:04.965 INFO  device : gbox001738 has been updated.
04:45:04.969 INFO  device : GBOX001729 has been updated.
05:00:03.889 INFO  Data retrieved from Hager Services
05:00:04.951 INFO  device : GBOX001724 has been updated.
05:00:04.977 INFO  device : GBOX001729 has been updated.
05:00:04.983 INFO  device : GBOX001727 has been updated.
05:00:04.986 INFO  device : gbox001738 has been updated.
05:00:04.989 INFO  device : GBOX001726 has been updated.
05:00:04.992 INFO  device : gbox001740 has been updated.
05:00:04.996 INFO  device : GBOX001722 has been updated.
05:00:04.997 INFO  device : gbox001739 has been updated.
05:00:05.000 INFO  device : gbox001741 has been updated.
05:00:05.005 INFO  device : GBOX001728 has been updated.
05:15:03.656 INFO  Data retrieved from Hager Services
05:15:04.703 INFO  device : gbox001740 has been updated.
05:15:04.705 INFO  device : GBOX001726 has been updated.
05:15:04.706 INFO  device : GBOX001727 has been updated.
05:15:04.718 INFO  device : GBOX001724 has been updated.
05:15:04.748 INFO  device : gbox001741 has been updated.
05:15:05.076 INFO  device : GBOX001728 has been updated.
05:15:05.082 INFO  device : gbox001739 has been updated.
05:15:05.084 INFO  device : gbox001738 has been updated.
05:15:05.094 INFO  device : GBOX001722 has been updated.
05:15:05.097 INFO  device : GBOX001729 has been updated.
05:30:03.884 INFO  Data retrieved from Hager Services
05:30:05.017 INFO  device : gbox001740 has been updated.
05:30:05.018 INFO  device : GBOX001722 has been updated.
05:30:05.020 INFO  device : gbox001738 has been updated.
05:30:05.027 INFO  device : GBOX001728 has been updated.
05:30:05.028 INFO  device : gbox001739 has been updated.
05:30:05.029 INFO  device : GBOX001724 has been updated.
05:30:05.030 INFO  device : GBOX001729 has been updated.
05:30:05.030 INFO  device : gbox001741 has been updated.
05:30:05.035 INFO  device : GBOX001726 has been updated.
05:30:05.036 INFO  device : GBOX001727 has been updated.
05:45:03.785 INFO  Data retrieved from Hager Services
05:45:04.635 INFO  device : GBOX001729 has been updated.
05:45:04.636 INFO  device : gbox001738 has been updated.
05:45:04.637 INFO  device : GBOX001728 has been updated.
05:45:04.641 INFO  device : gbox001739 has been updated.
05:45:04.675 INFO  device : GBOX001724 has been updated.
05:45:04.681 INFO  device : GBOX001727 has been updated.
05:45:04.712 INFO  device : gbox001740 has been updated.
05:45:04.721 INFO  device : GBOX001726 has been updated.
05:45:04.722 INFO  device : GBOX001722 has been updated.
05:45:04.723 INFO  device : gbox001741 has been updated.
06:00:03.841 INFO  Data retrieved from Hager Services
06:00:04.624 INFO  device : GBOX001729 has been updated.
06:00:04.726 INFO  device : GBOX001726 has been updated.
06:00:04.743 INFO  device : GBOX001722 has been updated.
06:00:04.748 INFO  device : GBOX001724 has been updated.
06:00:04.750 INFO  device : gbox001740 has been updated.
06:00:04.750 INFO  device : GBOX001728 has been updated.
06:00:04.762 INFO  device : gbox001739 has been updated.
06:00:04.763 INFO  device : gbox001738 has been updated.
06:00:04.767 INFO  device : gbox001741 has been updated.
06:00:04.780 INFO  device : GBOX001727 has been updated.
06:15:03.778 INFO  Data retrieved from Hager Services
06:15:04.845 INFO  device : gbox001740 has been updated.
06:15:04.846 INFO  device : gbox001739 has been updated.
06:15:04.853 INFO  device : GBOX001724 has been updated.
06:15:04.854 INFO  device : gbox001738 has been updated.
06:15:04.854 INFO  device : GBOX001722 has been updated.
06:15:04.856 INFO  device : GBOX001727 has been updated.
06:15:04.856 INFO  device : GBOX001728 has been updated.
06:15:04.865 INFO  device : GBOX001726 has been updated.
06:15:04.865 INFO  device : GBOX001729 has been updated.
06:15:04.869 INFO  device : gbox001741 has been updated.
06:30:03.737 INFO  Data retrieved from Hager Services
06:30:05.094 INFO  device : GBOX001726 has been updated.
06:30:05.127 INFO  device : gbox001739 has been updated.
06:30:05.150 INFO  device : gbox001741 has been updated.
06:30:05.182 INFO  device : GBOX001727 has been updated.
06:30:05.185 INFO  device : GBOX001722 has been updated.
06:30:05.190 INFO  device : GBOX001728 has been updated.
06:30:05.197 INFO  device : gbox001738 has been updated.
06:30:05.200 INFO  device : GBOX001729 has been updated.
06:30:05.206 INFO  device : GBOX001724 has been updated.
06:30:05.213 INFO  device : gbox001740 has been updated.
06:45:03.565 INFO  Data retrieved from Hager Services
06:45:04.698 INFO  device : GBOX001724 has been updated.
06:45:04.732 INFO  device : GBOX001728 has been updated.
06:45:04.739 INFO  device : gbox001741 has been updated.
06:45:04.746 INFO  device : gbox001740 has been updated.
06:45:04.754 INFO  device : GBOX001722 has been updated.
06:45:04.759 INFO  device : GBOX001727 has been updated.
06:45:04.759 INFO  device : GBOX001729 has been updated.
06:45:04.766 INFO  device : GBOX001726 has been updated.
06:45:04.772 INFO  device : gbox001738 has been updated.
06:45:04.794 INFO  device : gbox001739 has been updated.
07:00:05.354 INFO  Data retrieved from Hager Services
07:00:06.294 INFO  device : GBOX001726 has been updated.
07:00:06.297 INFO  device : gbox001741 has been updated.
07:00:06.299 INFO  device : GBOX001722 has been updated.
07:00:06.301 INFO  device : GBOX001724 has been updated.
07:00:06.304 INFO  device : gbox001738 has been updated.
07:00:06.306 INFO  device : gbox001740 has been updated.
07:00:06.310 INFO  device : GBOX001727 has been updated.
07:00:06.314 INFO  device : gbox001739 has been updated.
07:00:06.316 INFO  device : GBOX001728 has been updated.
07:00:06.318 INFO  device : GBOX001729 has been updated.
07:15:07.209 INFO  Data retrieved from Hager Services
07:15:07.753 INFO  device : GBOX001724 has been updated.
07:15:07.754 INFO  device : GBOX001722 has been updated.
07:15:08.043 INFO  device : GBOX001729 has been updated.
07:15:08.046 INFO  device : gbox001738 has been updated.
07:15:08.050 INFO  device : gbox001739 has been updated.
07:15:08.056 INFO  device : gbox001741 has been updated.
07:15:08.056 INFO  device : GBOX001726 has been updated.
07:15:08.060 INFO  device : GBOX001728 has been updated.
07:15:08.073 INFO  device : GBOX001727 has been updated.
07:15:08.073 INFO  device : gbox001740 has been updated.
07:30:03.993 INFO  Data retrieved from Hager Services
07:30:04.769 INFO  device : GBOX001729 has been updated.
07:30:04.773 INFO  device : GBOX001724 has been updated.
07:30:04.774 INFO  device : GBOX001726 has been updated.
07:30:04.776 INFO  device : gbox001738 has been updated.
07:30:04.776 INFO  device : gbox001739 has been updated.
07:30:04.777 INFO  device : GBOX001722 has been updated.
07:30:04.778 INFO  device : gbox001740 has been updated.
07:30:04.779 INFO  device : GBOX001727 has been updated.
07:30:04.785 INFO  device : gbox001741 has been updated.
07:30:04.788 INFO  device : GBOX001728 has been updated.
07:45:03.732 INFO  Data retrieved from Hager Services
07:45:05.105 INFO  device : GBOX001727 has been updated.
07:45:05.107 INFO  device : GBOX001724 has been updated.
07:45:05.114 INFO  device : GBOX001729 has been updated.
07:45:05.118 INFO  device : GBOX001728 has been updated.
07:45:05.118 INFO  device : gbox001740 has been updated.
07:45:05.123 INFO  device : GBOX001726 has been updated.
07:45:05.124 INFO  device : gbox001741 has been updated.
07:45:05.128 INFO  device : gbox001738 has been updated.
07:45:05.138 INFO  device : gbox001739 has been updated.
07:45:05.140 INFO  device : GBOX001722 has been updated.
08:00:03.281 INFO  Data retrieved from Hager Services
08:00:04.628 INFO  device : GBOX001728 has been updated.
08:00:04.629 INFO  device : GBOX001727 has been updated.
08:00:04.631 INFO  device : gbox001739 has been updated.
08:00:04.632 INFO  device : GBOX001724 has been updated.
08:00:04.632 INFO  device : GBOX001722 has been updated.
08:00:04.642 INFO  device : GBOX001729 has been updated.
08:00:04.651 INFO  device : gbox001738 has been updated.
08:00:04.654 INFO  device : gbox001740 has been updated.
08:00:04.655 INFO  device : GBOX001726 has been updated.
08:00:04.684 INFO  device : gbox001741 has been updated.
08:15:03.238 INFO  Data retrieved from Hager Services
08:15:04.010 INFO  device : GBOX001724 has been updated.
08:15:04.013 INFO  device : gbox001741 has been updated.
08:15:04.016 INFO  device : GBOX001727 has been updated.
08:15:04.016 INFO  device : GBOX001722 has been updated.
08:15:04.018 INFO  device : gbox001740 has been updated.
08:15:04.019 INFO  device : GBOX001728 has been updated.
08:15:04.021 INFO  device : gbox001738 has been updated.
08:15:04.029 INFO  device : GBOX001726 has been updated.
08:15:04.030 INFO  device : GBOX001729 has been updated.
08:15:04.031 INFO  device : gbox001739 has been updated.
08:30:03.188 INFO  Data retrieved from Hager Services
08:30:04.029 INFO  device : gbox001741 has been updated.
08:30:04.030 INFO  device : GBOX001722 has been updated.
08:30:04.030 INFO  device : GBOX001728 has been updated.
08:30:04.037 INFO  device : gbox001739 has been updated.
08:30:04.038 INFO  device : GBOX001724 has been updated.
08:30:04.041 INFO  device : GBOX001726 has been updated.
08:30:04.042 INFO  device : gbox001738 has been updated.
08:30:04.045 INFO  device : GBOX001727 has been updated.
08:30:04.046 INFO  device : gbox001740 has been updated.
08:30:04.046 INFO  device : GBOX001729 has been updated.
08:45:03.228 INFO  Data retrieved from Hager Services
08:45:04.160 INFO  device : gbox001738 has been updated.
08:45:04.162 INFO  device : GBOX001728 has been updated.
08:45:04.162 INFO  device : GBOX001727 has been updated.
08:45:04.171 INFO  device : GBOX001722 has been updated.
08:45:04.189 INFO  device : gbox001740 has been updated.
08:45:04.194 INFO  device : GBOX001726 has been updated.
08:45:04.195 INFO  device : gbox001739 has been updated.
08:45:04.196 INFO  device : GBOX001729 has been updated.
08:45:04.203 INFO  device : gbox001741 has been updated.
08:45:04.204 INFO  device : GBOX001724 has been updated.
09:00:03.441 INFO  Data retrieved from Hager Services
09:00:04.662 INFO  device : gbox001740 has been updated.
09:00:04.663 INFO  device : gbox001738 has been updated.
09:00:04.666 INFO  device : GBOX001722 has been updated.
09:00:04.670 INFO  device : gbox001739 has been updated.
09:00:04.674 INFO  device : GBOX001724 has been updated.
09:00:04.676 INFO  device : GBOX001727 has been updated.
09:00:04.678 INFO  device : GBOX001729 has been updated.
09:00:04.682 INFO  device : gbox001741 has been updated.
09:00:04.682 INFO  device : GBOX001726 has been updated.
09:00:04.685 INFO  device : GBOX001728 has been updated.
09:15:03.215 INFO  Data retrieved from Hager Services
09:15:04.003 INFO  device : gbox001741 has been updated.
09:15:04.006 INFO  device : GBOX001722 has been updated.
09:15:04.007 INFO  device : gbox001738 has been updated.
09:15:04.013 INFO  device : GBOX001727 has been updated.
09:15:04.013 INFO  device : gbox001740 has been updated.
09:15:04.015 INFO  device : gbox001739 has been updated.
09:15:04.019 INFO  device : GBOX001724 has been updated.
09:15:04.021 INFO  device : GBOX001728 has been updated.
09:15:04.022 INFO  device : GBOX001729 has been updated.
09:15:04.024 INFO  device : GBOX001726 has been updated.
09:30:03.275 INFO  Data retrieved from Hager Services
09:30:04.508 INFO  device : gbox001740 has been updated.
09:30:04.618 INFO  device : gbox001741 has been updated.
09:30:04.621 INFO  device : GBOX001727 has been updated.
09:30:04.642 INFO  device : GBOX001722 has been updated.
09:30:04.644 INFO  device : gbox001738 has been updated.
09:30:04.651 INFO  device : GBOX001728 has been updated.
09:30:04.653 INFO  device : GBOX001729 has been updated.
09:30:04.653 INFO  device : GBOX001726 has been updated.
09:30:04.654 INFO  device : GBOX001724 has been updated.
09:30:04.657 INFO  device : gbox001739 has been updated.
09:45:03.922 INFO  Data retrieved from Hager Services
09:45:04.728 INFO  device : gbox001738 has been updated.
09:45:04.729 INFO  device : GBOX001724 has been updated.
09:45:04.729 INFO  device : gbox001739 has been updated.
09:45:04.732 INFO  device : GBOX001728 has been updated.
09:45:04.733 INFO  device : gbox001741 has been updated.
09:45:04.738 INFO  device : GBOX001722 has been updated.
09:45:04.749 INFO  device : gbox001740 has been updated.
09:45:04.753 INFO  device : GBOX001729 has been updated.
09:45:04.765 INFO  device : GBOX001727 has been updated.
09:45:04.768 INFO  device : GBOX001726 has been updated.
10:00:03.176 INFO  Data retrieved from Hager Services
10:00:04.477 INFO  device : GBOX001724 has been updated.
10:00:04.484 INFO  device : gbox001739 has been updated.
10:00:04.485 INFO  device : GBOX001722 has been updated.
10:00:04.490 INFO  device : GBOX001729 has been updated.
10:00:04.494 INFO  device : gbox001738 has been updated.
10:00:04.496 INFO  device : GBOX001728 has been updated.
10:00:04.498 INFO  device : gbox001740 has been updated.
10:00:04.502 INFO  device : gbox001741 has been updated.
10:00:04.503 INFO  device : GBOX001726 has been updated.
10:00:04.505 INFO  device : GBOX001727 has been updated.
10:15:03.815 INFO  Data retrieved from Hager Services
10:15:04.788 INFO  device : gbox001738 has been updated.
10:15:04.794 INFO  device : gbox001740 has been updated.
10:15:04.795 INFO  device : GBOX001727 has been updated.
10:15:04.797 INFO  device : GBOX001722 has been updated.
10:15:04.798 INFO  device : gbox001739 has been updated.
10:15:04.798 INFO  device : GBOX001724 has been updated.
10:15:04.799 INFO  device : GBOX001726 has been updated.
10:15:04.800 INFO  device : GBOX001729 has been updated.
10:15:04.801 INFO  device : GBOX001728 has been updated.
10:15:04.801 INFO  device : gbox001741 has been updated.
10:30:04.177 INFO  Data retrieved from Hager Services
10:30:05.210 INFO  device : GBOX001722 has been updated.
10:30:05.261 INFO  device : GBOX001726 has been updated.
10:30:05.262 INFO  device : GBOX001724 has been updated.
10:30:05.263 INFO  device : GBOX001729 has been updated.
10:30:05.276 INFO  device : gbox001738 has been updated.
10:30:05.288 INFO  device : GBOX001728 has been updated.
10:30:05.292 INFO  device : gbox001741 has been updated.
10:30:05.300 INFO  device : GBOX001727 has been updated.
10:30:05.307 INFO  device : gbox001739 has been updated.
10:30:05.313 INFO  device : gbox001740 has been updated.
10:45:03.119 INFO  Data retrieved from Hager Services
10:45:04.451 INFO  device : gbox001738 has been updated.
10:45:04.465 INFO  device : GBOX001724 has been updated.
10:45:04.484 INFO  device : GBOX001727 has been updated.
10:45:04.485 INFO  device : GBOX001722 has been updated.
10:45:04.497 INFO  device : GBOX001726 has been updated.
10:45:04.506 INFO  device : GBOX001728 has been updated.
10:45:04.510 INFO  device : GBOX001729 has been updated.
10:45:04.511 INFO  device : gbox001739 has been updated.
10:45:04.531 INFO  device : gbox001740 has been updated.
10:45:04.546 INFO  device : gbox001741 has been updated.
11:00:03.342 INFO  Data retrieved from Hager Services
11:00:04.296 INFO  device : GBOX001722 has been updated.
11:00:04.378 INFO  device : gbox001738 has been updated.
11:00:04.379 INFO  device : gbox001739 has been updated.
11:00:04.381 INFO  device : GBOX001728 has been updated.
11:00:04.383 INFO  device : GBOX001724 has been updated.
11:00:04.386 INFO  device : gbox001740 has been updated.
11:00:04.388 INFO  device : GBOX001727 has been updated.
11:00:04.390 INFO  device : GBOX001729 has been updated.
11:00:04.396 INFO  device : GBOX001726 has been updated.
11:00:04.421 INFO  device : gbox001741 has been updated.
11:15:03.527 INFO  Data retrieved from Hager Services
11:15:04.432 INFO  device : gbox001740 has been updated.
11:15:04.445 INFO  device : GBOX001724 has been updated.
11:15:04.457 INFO  device : GBOX001728 has been updated.
11:15:04.459 INFO  device : GBOX001729 has been updated.
11:15:04.464 INFO  device : GBOX001722 has been updated.
11:15:04.465 INFO  device : gbox001739 has been updated.
11:15:04.472 INFO  device : GBOX001726 has been updated.
11:15:04.475 INFO  device : gbox001741 has been updated.
11:15:04.490 INFO  device : GBOX001727 has been updated.
11:15:04.506 INFO  device : gbox001738 has been updated.
11:30:03.333 INFO  Data retrieved from Hager Services
11:30:04.569 INFO  device : gbox001738 has been updated.
11:30:04.570 INFO  device : gbox001740 has been updated.
11:30:04.575 INFO  device : gbox001739 has been updated.
11:30:04.577 INFO  device : GBOX001729 has been updated.
11:30:04.578 INFO  device : GBOX001727 has been updated.
11:30:04.579 INFO  device : GBOX001726 has been updated.
11:30:04.580 INFO  device : GBOX001728 has been updated.
11:30:04.581 INFO  device : GBOX001722 has been updated.
11:30:04.582 INFO  device : gbox001741 has been updated.
11:30:04.587 INFO  device : GBOX001724 has been updated.
11:45:03.031 INFO  Data retrieved from Hager Services
11:45:04.185 INFO  device : gbox001739 has been updated.
11:45:04.192 INFO  device : GBOX001729 has been updated.
11:45:04.194 INFO  device : GBOX001726 has been updated.
11:45:04.200 INFO  device : gbox001740 has been updated.
11:45:04.203 INFO  device : gbox001738 has been updated.
11:45:04.206 INFO  device : GBOX001722 has been updated.
11:45:04.213 INFO  device : GBOX001727 has been updated.
11:45:04.215 INFO  device : gbox001741 has been updated.
11:45:04.219 INFO  device : GBOX001728 has been updated.
11:45:04.225 INFO  device : GBOX001724 has been updated.
12:00:03.346 INFO  Data retrieved from Hager Services
12:00:04.541 INFO  device : gbox001739 has been updated.
12:00:04.544 INFO  device : GBOX001726 has been updated.
12:00:04.545 INFO  device : gbox001741 has been updated.
12:00:04.546 INFO  device : GBOX001728 has been updated.
12:00:04.546 INFO  device : GBOX001724 has been updated.
12:00:04.548 INFO  device : gbox001740 has been updated.
12:00:04.548 INFO  device : GBOX001727 has been updated.
12:00:04.549 INFO  device : GBOX001729 has been updated.
12:00:04.549 INFO  device : gbox001738 has been updated.
12:00:04.550 INFO  device : GBOX001722 has been updated.
12:15:03.251 INFO  Data retrieved from Hager Services
12:15:04.525 INFO  device : GBOX001727 has been updated.
12:15:04.527 INFO  device : GBOX001728 has been updated.
12:15:04.528 INFO  device : GBOX001729 has been updated.
12:15:04.539 INFO  device : GBOX001724 has been updated.
12:15:04.547 INFO  device : GBOX001726 has been updated.
12:15:04.551 INFO  device : gbox001738 has been updated.
12:15:04.552 INFO  device : gbox001739 has been updated.
12:15:04.555 INFO  device : gbox001740 has been updated.
12:15:04.572 INFO  device : GBOX001722 has been updated.
12:15:04.576 INFO  device : gbox001741 has been updated.
12:30:03.534 INFO  Data retrieved from Hager Services
12:30:04.795 INFO  device : GBOX001726 has been updated.
12:30:04.799 INFO  device : gbox001738 has been updated.
12:30:04.803 INFO  device : gbox001740 has been updated.
12:30:04.804 INFO  device : GBOX001728 has been updated.
12:30:04.805 INFO  device : GBOX001722 has been updated.
12:30:04.806 INFO  device : gbox001739 has been updated.
12:30:04.813 INFO  device : GBOX001729 has been updated.
12:30:04.815 INFO  device : gbox001741 has been updated.
12:30:04.821 INFO  device : GBOX001724 has been updated.
12:30:04.824 INFO  device : GBOX001727 has been updated.
12:45:03.247 INFO  Data retrieved from Hager Services
12:45:04.088 INFO  device : gbox001741 has been updated.
12:45:04.096 INFO  device : GBOX001726 has been updated.
12:45:04.097 INFO  device : GBOX001722 has been updated.
12:45:04.112 INFO  device : GBOX001724 has been updated.
12:45:04.126 INFO  device : GBOX001729 has been updated.
12:45:04.135 INFO  device : GBOX001727 has been updated.
12:45:04.145 INFO  device : gbox001740 has been updated.
12:45:04.161 INFO  device : gbox001738 has been updated.
12:45:04.162 INFO  device : GBOX001728 has been updated.
12:45:04.177 INFO  device : gbox001739 has been updated.
13:00:03.175 INFO  Data retrieved from Hager Services
13:00:04.159 INFO  device : GBOX001726 has been updated.
13:00:04.160 INFO  device : GBOX001724 has been updated.
13:00:04.163 INFO  device : gbox001740 has been updated.
13:00:04.163 INFO  device : GBOX001728 has been updated.
13:00:04.171 INFO  device : GBOX001727 has been updated.
13:00:04.172 INFO  device : gbox001739 has been updated.
13:00:04.173 INFO  device : gbox001741 has been updated.
13:00:04.174 INFO  device : GBOX001722 has been updated.
13:00:04.175 INFO  device : GBOX001729 has been updated.
13:00:04.184 INFO  device : gbox001738 has been updated.
13:15:03.185 INFO  Data retrieved from Hager Services
13:15:04.203 INFO  device : GBOX001729 has been updated.
13:15:04.205 INFO  device : GBOX001726 has been updated.
13:15:04.207 INFO  device : gbox001739 has been updated.
13:15:04.223 INFO  device : gbox001738 has been updated.
13:15:04.224 INFO  device : GBOX001728 has been updated.
13:15:04.233 INFO  device : GBOX001727 has been updated.
13:15:04.234 INFO  device : GBOX001724 has been updated.
13:15:04.237 INFO  device : gbox001741 has been updated.
13:15:04.240 INFO  device : GBOX001722 has been updated.
13:15:04.241 INFO  device : gbox001740 has been updated.
13:30:03.201 INFO  Data retrieved from Hager Services
13:30:04.128 INFO  device : gbox001740 has been updated.
13:30:04.161 INFO  device : GBOX001728 has been updated.
13:30:04.164 INFO  device : gbox001739 has been updated.
13:30:04.167 INFO  device : gbox001741 has been updated.
13:30:04.168 INFO  device : gbox001738 has been updated.
13:30:04.169 INFO  device : GBOX001729 has been updated.
13:30:04.171 INFO  device : GBOX001726 has been updated.
13:30:04.174 INFO  device : GBOX001724 has been updated.
13:30:04.180 INFO  device : GBOX001727 has been updated.
13:30:04.182 INFO  device : GBOX001722 has been updated.
13:45:05.370 INFO  Data retrieved from Hager Services
13:45:06.157 INFO  device : gbox001740 has been updated.
13:45:06.158 INFO  device : GBOX001724 has been updated.
13:45:06.166 INFO  device : gbox001738 has been updated.
13:45:06.167 INFO  device : gbox001739 has been updated.
13:45:06.172 INFO  device : GBOX001727 has been updated.
13:45:06.177 INFO  device : GBOX001722 has been updated.
13:45:06.178 INFO  device : GBOX001726 has been updated.
13:45:06.185 INFO  device : GBOX001729 has been updated.
13:45:06.188 INFO  device : GBOX001728 has been updated.
13:45:06.189 INFO  device : gbox001741 has been updated.
14:00:03.291 INFO  Data retrieved from Hager Services
14:00:04.389 INFO  device : GBOX001728 has been updated.
14:00:04.451 INFO  device : gbox001740 has been updated.
14:00:04.451 INFO  device : gbox001738 has been updated.
14:00:04.455 INFO  device : GBOX001727 has been updated.
14:00:04.465 INFO  device : gbox001741 has been updated.
14:00:04.474 INFO  device : GBOX001722 has been updated.
14:00:04.481 INFO  device : GBOX001724 has been updated.
14:00:04.485 INFO  device : GBOX001726 has been updated.
14:00:04.489 INFO  device : gbox001739 has been updated.
14:00:04.502 INFO  device : GBOX001729 has been updated.
14:15:03.077 INFO  Data retrieved from Hager Services
14:15:04.490 INFO  device : gbox001738 has been updated.
14:15:04.494 INFO  device : gbox001739 has been updated.
14:15:04.494 INFO  device : gbox001740 has been updated.
14:15:04.499 INFO  device : GBOX001722 has been updated.
14:15:04.512 INFO  device : GBOX001724 has been updated.
14:15:04.518 INFO  device : GBOX001728 has been updated.
14:15:04.527 INFO  device : GBOX001726 has been updated.
14:15:04.530 INFO  device : GBOX001729 has been updated.
14:15:04.534 INFO  device : gbox001741 has been updated.
14:15:04.535 INFO  device : GBOX001727 has been updated.
14:30:03.348 INFO  Data retrieved from Hager Services
14:30:04.378 INFO  device : GBOX001726 has been updated.
14:30:04.401 INFO  device : GBOX001729 has been updated.
14:30:04.424 INFO  device : gbox001738 has been updated.
14:30:04.466 INFO  device : gbox001741 has been updated.
14:30:04.468 INFO  device : GBOX001722 has been updated.
14:30:04.479 INFO  device : gbox001740 has been updated.
14:30:04.480 INFO  device : GBOX001727 has been updated.
14:30:04.481 INFO  device : GBOX001724 has been updated.
14:30:04.482 INFO  device : gbox001739 has been updated.
14:30:04.483 INFO  device : GBOX001728 has been updated.
^C14:45:03.231 INFO  Data retrieved from Hager Services
14:45:04.365 INFO  device : GBOX001726 has been updated.
14:45:04.434 INFO  device : GBOX001722 has been updated.
14:45:04.439 INFO  device : GBOX001729 has been updated.
14:45:04.441 INFO  device : gbox001738 has been updated.
14:45:04.457 INFO  device : gbox001740 has been updated.
14:45:04.465 INFO  device : GBOX001724 has been updated.
14:45:04.466 INFO  device : gbox001739 has been updated.
14:45:04.466 INFO  device : GBOX001727 has been updated.
14:45:04.473 INFO  device : gbox001741 has been updated.
14:45:04.492 INFO  device : GBOX001728 has been updated.
15:00:03.353 INFO  Data retrieved from Hager Services
15:00:04.403 INFO  device : gbox001738 has been updated.
15:00:04.410 INFO  device : GBOX001726 has been updated.
15:00:04.414 INFO  device : GBOX001724 has been updated.
15:00:04.414 INFO  device : GBOX001727 has been updated.
15:00:04.419 INFO  device : GBOX001722 has been updated.
15:00:04.424 INFO  device : GBOX001728 has been updated.
15:00:04.425 INFO  device : GBOX001729 has been updated.
15:00:04.428 INFO  device : gbox001739 has been updated.
15:00:04.434 INFO  device : gbox001741 has been updated.
15:00:04.437 INFO  device : gbox001740 has been updated.
15:15:03.158 INFO  Data retrieved from Hager Services
15:15:04.535 INFO  device : GBOX001726 has been updated.
15:15:04.558 INFO  device : GBOX001724 has been updated.
15:15:04.559 INFO  device : GBOX001727 has been updated.
15:15:04.573 INFO  device : gbox001740 has been updated.
15:15:04.576 INFO  device : gbox001738 has been updated.
15:15:04.582 INFO  device : GBOX001728 has been updated.
15:15:04.588 INFO  device : GBOX001722 has been updated.
15:15:04.589 INFO  device : GBOX001729 has been updated.
15:15:04.592 INFO  device : gbox001741 has been updated.
15:15:04.593 INFO  device : gbox001739 has been updated.
15:30:03.442 INFO  Data retrieved from Hager Services
15:30:04.340 INFO  device : GBOX001722 has been updated.
15:30:04.345 INFO  device : gbox001740 has been updated.
15:30:04.348 INFO  device : GBOX001724 has been updated.
15:30:04.350 INFO  device : gbox001741 has been updated.
15:30:04.352 INFO  device : gbox001738 has been updated.
15:30:04.353 INFO  device : gbox001739 has been updated.
15:30:04.354 INFO  device : GBOX001727 has been updated.
15:30:04.369 INFO  device : GBOX001729 has been updated.
15:30:04.388 INFO  device : GBOX001728 has been updated.
15:30:04.389 INFO  device : GBOX001726 has been updated.
15:45:03.152 INFO  Data retrieved from Hager Services
15:45:04.515 INFO  device : GBOX001726 has been updated.
15:45:04.519 INFO  device : GBOX001724 has been updated.
15:45:04.519 INFO  device : gbox001741 has been updated.
15:45:04.522 INFO  device : GBOX001728 has been updated.
15:45:04.523 INFO  device : GBOX001727 has been updated.
15:45:04.527 INFO  device : gbox001740 has been updated.
15:45:04.532 INFO  device : GBOX001729 has been updated.
15:45:04.533 INFO  device : gbox001739 has been updated.
15:45:04.534 INFO  device : gbox001738 has been updated.
15:45:04.536 INFO  device : GBOX001722 has been updated.
16:00:03.247 INFO  Data retrieved from Hager Services
16:00:04.047 INFO  device : gbox001740 has been updated.
16:00:04.049 INFO  device : GBOX001729 has been updated.
16:00:04.050 INFO  device : gbox001741 has been updated.
16:00:04.051 INFO  device : GBOX001728 has been updated.
16:00:04.052 INFO  device : GBOX001724 has been updated.
16:00:04.053 INFO  device : GBOX001726 has been updated.
16:00:04.056 INFO  device : GBOX001722 has been updated.
16:00:04.057 INFO  device : gbox001739 has been updated.
16:00:04.098 INFO  device : GBOX001727 has been updated.
16:00:04.101 INFO  device : gbox001738 has been updated.
16:15:04.031 INFO  Data retrieved from Hager Services
16:15:04.978 INFO  device : gbox001740 has been updated.
16:15:04.988 INFO  device : GBOX001726 has been updated.
16:15:04.991 INFO  device : gbox001741 has been updated.
16:15:04.992 INFO  device : GBOX001727 has been updated.
16:15:04.993 INFO  device : GBOX001722 has been updated.
16:15:04.997 INFO  device : GBOX001729 has been updated.
16:15:04.999 INFO  device : GBOX001724 has been updated.
16:15:05.002 INFO  device : gbox001738 has been updated.
16:15:05.006 INFO  device : GBOX001728 has been updated.
16:15:05.008 INFO  device : gbox001739 has been updated.
16:30:04.356 INFO  Data retrieved from Hager Services
16:30:05.745 INFO  device : gbox001741 has been updated.
16:30:05.756 INFO  device : GBOX001729 has been updated.
16:30:05.780 INFO  device : GBOX001724 has been updated.
16:30:05.787 INFO  device : GBOX001728 has been updated.
16:30:05.790 INFO  device : GBOX001727 has been updated.
16:30:05.794 INFO  device : gbox001739 has been updated.
16:30:05.802 INFO  device : GBOX001726 has been updated.
16:30:05.804 INFO  device : GBOX001722 has been updated.
16:30:05.807 INFO  device : gbox001738 has been updated.
16:30:05.807 INFO  device : gbox001740 has been updated.
16:45:03.141 INFO  Data retrieved from Hager Services
16:45:04.156 INFO  device : GBOX001722 has been updated.
16:45:04.160 INFO  device : GBOX001729 has been updated.
16:45:04.163 INFO  device : gbox001740 has been updated.
16:45:04.164 INFO  device : GBOX001726 has been updated.
16:45:04.165 INFO  device : gbox001738 has been updated.
16:45:04.173 INFO  device : GBOX001724 has been updated.
16:45:04.175 INFO  device : GBOX001728 has been updated.
16:45:04.177 INFO  device : GBOX001727 has been updated.
16:45:04.183 INFO  device : gbox001739 has been updated.
16:45:04.184 INFO  device : gbox001741 has been updated.
17:00:04.140 INFO  Data retrieved from Hager Services
17:00:04.999 INFO  device : gbox001738 has been updated.
17:00:05.037 INFO  device : GBOX001729 has been updated.
17:00:05.039 INFO  device : gbox001739 has been updated.
17:00:05.040 INFO  device : GBOX001726 has been updated.
17:00:05.040 INFO  device : GBOX001728 has been updated.
17:00:05.053 INFO  device : gbox001740 has been updated.
17:00:05.056 INFO  device : GBOX001724 has been updated.
17:00:05.057 INFO  device : GBOX001727 has been updated.
17:00:05.065 INFO  device : GBOX001722 has been updated.
17:00:05.065 INFO  device : gbox001741 has been updated.
17:15:03.191 INFO  Data retrieved from Hager Services
17:15:04.280 INFO  device : gbox001740 has been updated.
17:15:04.284 INFO  device : GBOX001729 has been updated.
17:15:04.285 INFO  device : GBOX001722 has been updated.
17:15:04.286 INFO  device : GBOX001728 has been updated.
17:15:04.287 INFO  device : gbox001738 has been updated.
17:15:04.288 INFO  device : GBOX001724 has been updated.
17:15:04.289 INFO  device : gbox001741 has been updated.
17:15:04.290 INFO  device : gbox001739 has been updated.
17:15:04.291 INFO  device : GBOX001727 has been updated.
17:15:04.295 INFO  device : GBOX001726 has been updated.
17:30:03.202 INFO  Data retrieved from Hager Services
17:30:03.911 INFO  device : gbox001740 has been updated.
17:30:03.951 INFO  device : GBOX001724 has been updated.
17:30:03.953 INFO  device : GBOX001728 has been updated.
17:30:03.981 INFO  device : gbox001741 has been updated.
17:30:03.986 INFO  device : GBOX001726 has been updated.
17:30:03.991 INFO  device : gbox001738 has been updated.
17:30:03.995 INFO  device : GBOX001727 has been updated.
17:30:03.999 INFO  device : GBOX001722 has been updated.
17:30:04.005 INFO  device : gbox001739 has been updated.
17:30:04.010 INFO  device : GBOX001729 has been updated.
17:45:03.570 INFO  Data retrieved from Hager Services
17:45:04.344 INFO  device : GBOX001722 has been updated.
17:45:04.346 INFO  device : GBOX001729 has been updated.
17:45:04.347 INFO  device : gbox001740 has been updated.
17:45:04.348 INFO  device : gbox001739 has been updated.
17:45:04.349 INFO  device : GBOX001726 has been updated.
17:45:04.350 INFO  device : gbox001741 has been updated.
17:45:04.351 INFO  device : GBOX001727 has been updated.
17:45:04.352 INFO  device : gbox001738 has been updated.
17:45:04.353 INFO  device : GBOX001724 has been updated.
17:45:04.354 INFO  device : GBOX001728 has been updated.
18:00:03.251 INFO  Data retrieved from Hager Services
18:00:04.038 INFO  device : GBOX001722 has been updated.
18:00:04.067 INFO  device : GBOX001724 has been updated.
18:00:04.079 INFO  device : GBOX001728 has been updated.
18:00:04.086 INFO  device : gbox001738 has been updated.
18:00:04.089 INFO  device : GBOX001727 has been updated.
18:00:04.091 INFO  device : gbox001740 has been updated.
18:00:04.093 INFO  device : gbox001739 has been updated.
18:00:04.094 INFO  device : gbox001741 has been updated.
18:00:04.095 INFO  device : GBOX001726 has been updated.
18:00:04.096 INFO  device : GBOX001729 has been updated.
18:15:03.123 INFO  Data retrieved from Hager Services
18:15:04.533 INFO  device : GBOX001724 has been updated.
18:15:04.534 INFO  device : GBOX001728 has been updated.
18:15:04.543 INFO  device : GBOX001722 has been updated.
18:15:04.555 INFO  device : GBOX001726 has been updated.
18:15:04.557 INFO  device : GBOX001729 has been updated.
18:15:04.557 INFO  device : GBOX001727 has been updated.
18:15:04.571 INFO  device : gbox001739 has been updated.
18:15:04.571 INFO  device : gbox001738 has been updated.
18:15:04.577 INFO  device : gbox001740 has been updated.
18:15:04.591 INFO  device : gbox001741 has been updated.
18:30:03.170 INFO  Data retrieved from Hager Services
18:30:03.939 INFO  device : GBOX001724 has been updated.
18:30:03.942 INFO  device : gbox001741 has been updated.
18:30:03.942 INFO  device : GBOX001722 has been updated.
18:30:03.944 INFO  device : gbox001738 has been updated.
18:30:03.945 INFO  device : GBOX001726 has been updated.
18:30:03.946 INFO  device : GBOX001727 has been updated.
18:30:03.952 INFO  device : gbox001740 has been updated.
18:30:03.953 INFO  device : gbox001739 has been updated.
18:30:03.955 INFO  device : GBOX001728 has been updated.
18:30:03.956 INFO  device : GBOX001729 has been updated.
18:45:04.265 INFO  Data retrieved from Hager Services
18:45:05.097 INFO  device : gbox001739 has been updated.
18:45:05.104 INFO  device : GBOX001724 has been updated.
18:45:05.133 INFO  device : gbox001740 has been updated.
18:45:05.134 INFO  device : GBOX001729 has been updated.
18:45:05.136 INFO  device : GBOX001728 has been updated.
18:45:05.141 INFO  device : gbox001738 has been updated.
18:45:05.154 INFO  device : GBOX001726 has been updated.
18:45:05.162 INFO  device : GBOX001722 has been updated.
18:45:05.162 INFO  device : GBOX001727 has been updated.
18:45:05.178 INFO  device : gbox001741 has been updated.
19:00:03.192 INFO  Data retrieved from Hager Services
19:00:04.563 INFO  device : GBOX001724 has been updated.
19:00:04.564 INFO  device : GBOX001722 has been updated.
19:00:04.565 INFO  device : gbox001740 has been updated.
19:00:04.568 INFO  device : GBOX001729 has been updated.
19:00:04.569 INFO  device : GBOX001726 has been updated.
19:00:04.573 INFO  device : GBOX001727 has been updated.
19:00:04.577 INFO  device : gbox001741 has been updated.
19:00:04.577 INFO  device : gbox001738 has been updated.
19:00:04.590 INFO  device : GBOX001728 has been updated.
19:00:04.609 INFO  device : gbox001739 has been updated.
19:15:03.413 INFO  Data retrieved from Hager Services
19:15:04.369 INFO  device : GBOX001728 has been updated.
19:15:04.371 INFO  device : GBOX001722 has been updated.
19:15:04.371 INFO  device : GBOX001724 has been updated.
19:15:04.384 INFO  device : GBOX001729 has been updated.
19:15:04.386 INFO  device : gbox001738 has been updated.
19:15:04.386 INFO  device : GBOX001727 has been updated.
19:15:04.387 INFO  device : GBOX001726 has been updated.
19:15:04.408 INFO  device : gbox001739 has been updated.
19:15:04.408 INFO  device : gbox001740 has been updated.
19:15:04.416 INFO  device : gbox001741 has been updated.
19:30:03.374 INFO  Data retrieved from Hager Services
19:30:04.724 INFO  device : GBOX001728 has been updated.
19:30:04.743 INFO  device : GBOX001729 has been updated.
19:30:04.760 INFO  device : GBOX001726 has been updated.
19:30:04.764 INFO  device : gbox001740 has been updated.
19:30:04.780 INFO  device : GBOX001724 has been updated.
19:30:04.785 INFO  device : gbox001739 has been updated.
19:30:04.788 INFO  device : gbox001738 has been updated.
19:30:04.793 INFO  device : GBOX001727 has been updated.
19:30:04.797 INFO  device : GBOX001722 has been updated.
19:30:04.805 INFO  device : gbox001741 has been updated.
19:45:03.048 INFO  Data retrieved from Hager Services
19:45:04.352 INFO  device : GBOX001728 has been updated.
19:45:04.420 INFO  device : GBOX001726 has been updated.
19:45:04.432 INFO  device : gbox001740 has been updated.
19:45:04.441 INFO  device : gbox001741 has been updated.
19:45:04.445 INFO  device : gbox001739 has been updated.
19:45:04.447 INFO  device : GBOX001729 has been updated.
19:45:04.447 INFO  device : GBOX001724 has been updated.
19:45:04.454 INFO  device : GBOX001727 has been updated.
19:45:04.455 INFO  device : gbox001738 has been updated.
19:45:04.458 INFO  device : GBOX001722 has been updated.
20:00:03.373 INFO  Data retrieved from Hager Services
20:00:04.750 INFO  device : GBOX001722 has been updated.
20:00:04.753 INFO  device : GBOX001724 has been updated.
20:00:04.757 INFO  device : GBOX001727 has been updated.
20:00:04.767 INFO  device : gbox001738 has been updated.
20:00:04.782 INFO  device : GBOX001728 has been updated.
20:00:04.787 INFO  device : gbox001740 has been updated.
20:00:04.806 INFO  device : gbox001739 has been updated.
20:00:04.807 INFO  device : GBOX001729 has been updated.
20:00:04.809 INFO  device : GBOX001726 has been updated.
20:00:04.820 INFO  device : gbox001741 has been updated.
20:15:03.141 INFO  Data retrieved from Hager Services
20:15:04.503 INFO  device : GBOX001727 has been updated.
20:15:04.510 INFO  device : gbox001738 has been updated.
20:15:04.515 INFO  device : GBOX001724 has been updated.
20:15:04.521 INFO  device : GBOX001722 has been updated.
20:15:04.523 INFO  device : gbox001741 has been updated.
20:15:04.527 INFO  device : GBOX001728 has been updated.
20:15:04.532 INFO  device : gbox001740 has been updated.
20:15:04.532 INFO  device : GBOX001726 has been updated.
20:15:04.556 INFO  device : GBOX001729 has been updated.
20:15:04.575 INFO  device : gbox001739 has been updated.
20:30:03.808 INFO  Data retrieved from Hager Services
20:30:04.720 INFO  device : GBOX001726 has been updated.
20:30:04.727 INFO  device : gbox001739 has been updated.
20:30:04.742 INFO  device : GBOX001722 has been updated.
20:30:04.742 INFO  device : gbox001738 has been updated.
20:30:04.743 INFO  device : GBOX001724 has been updated.
20:30:04.743 INFO  device : gbox001740 has been updated.
20:30:04.744 INFO  device : GBOX001727 has been updated.
20:30:04.759 INFO  device : gbox001741 has been updated.
20:30:04.760 INFO  device : GBOX001729 has been updated.
20:30:04.761 INFO  device : GBOX001728 has been updated.
20:45:03.168 INFO  Data retrieved from Hager Services
20:45:04.301 INFO  device : GBOX001728 has been updated.
20:45:04.305 INFO  device : GBOX001726 has been updated.
20:45:04.305 INFO  device : GBOX001722 has been updated.
20:45:04.306 INFO  device : GBOX001724 has been updated.
20:45:04.307 INFO  device : gbox001740 has been updated.
20:45:04.309 INFO  device : gbox001738 has been updated.
20:45:04.310 INFO  device : GBOX001727 has been updated.
20:45:04.311 INFO  device : GBOX001729 has been updated.
20:45:04.315 INFO  device : gbox001741 has been updated.
20:45:04.315 INFO  device : gbox001739 has been updated.
21:00:03.146 INFO  Data retrieved from Hager Services
21:00:03.923 INFO  device : gbox001741 has been updated.
21:00:03.928 INFO  device : GBOX001728 has been updated.
21:00:03.929 INFO  device : GBOX001729 has been updated.
21:00:03.929 INFO  device : GBOX001722 has been updated.
21:00:03.930 INFO  device : GBOX001726 has been updated.
21:00:03.946 INFO  device : gbox001740 has been updated.
21:00:03.947 INFO  device : gbox001738 has been updated.
21:00:03.948 INFO  device : GBOX001727 has been updated.
21:00:03.950 INFO  device : gbox001739 has been updated.
21:00:03.951 INFO  device : GBOX001724 has been updated.
21:15:03.378 INFO  Data retrieved from Hager Services
21:15:04.411 INFO  device : gbox001739 has been updated.
21:15:04.419 INFO  device : GBOX001729 has been updated.
21:15:04.420 INFO  device : gbox001738 has been updated.
21:15:04.420 INFO  device : GBOX001724 has been updated.
21:15:04.421 INFO  device : GBOX001722 has been updated.
21:15:04.422 INFO  device : GBOX001726 has been updated.
21:15:04.422 INFO  device : gbox001741 has been updated.
21:15:04.423 INFO  device : GBOX001727 has been updated.
21:15:04.424 INFO  device : GBOX001728 has been updated.
21:15:04.424 INFO  device : gbox001740 has been updated.
21:30:03.359 INFO  Data retrieved from Hager Services
21:30:04.696 INFO  device : gbox001741 has been updated.
21:30:04.778 INFO  device : GBOX001722 has been updated.
21:30:04.779 INFO  device : gbox001740 has been updated.
21:30:04.784 INFO  device : gbox001739 has been updated.
21:30:04.790 INFO  device : GBOX001727 has been updated.
21:30:04.802 INFO  device : GBOX001724 has been updated.
21:30:04.808 INFO  device : GBOX001726 has been updated.
21:30:04.808 INFO  device : gbox001738 has been updated.
21:30:04.813 INFO  device : GBOX001729 has been updated.
21:30:04.821 INFO  device : GBOX001728 has been updated.
21:45:03.535 INFO  Data retrieved from Hager Services
21:45:04.819 INFO  device : gbox001739 has been updated.
21:45:04.935 INFO  device : gbox001738 has been updated.
21:45:04.936 INFO  device : GBOX001727 has been updated.
21:45:04.947 INFO  device : GBOX001724 has been updated.
21:45:04.949 INFO  device : GBOX001726 has been updated.
21:45:04.951 INFO  device : gbox001740 has been updated.
21:45:04.953 INFO  device : GBOX001728 has been updated.
21:45:04.954 INFO  device : GBOX001729 has been updated.
21:45:04.958 INFO  device : GBOX001722 has been updated.
21:45:04.975 INFO  device : gbox001741 has been updated.
22:00:03.203 INFO  Data retrieved from Hager Services
22:00:04.165 INFO  device : GBOX001728 has been updated.
22:00:04.166 INFO  device : GBOX001724 has been updated.
22:00:04.167 INFO  device : gbox001739 has been updated.
22:00:04.167 INFO  device : GBOX001727 has been updated.
22:00:04.168 INFO  device : gbox001740 has been updated.
22:00:04.169 INFO  device : gbox001738 has been updated.
22:00:04.170 INFO  device : GBOX001722 has been updated.
22:00:04.171 INFO  device : GBOX001726 has been updated.
22:00:04.174 INFO  device : GBOX001729 has been updated.
22:00:04.175 INFO  device : gbox001741 has been updated.
22:15:04.832 INFO  Data retrieved from Hager Services
22:15:06.207 INFO  device : GBOX001724 has been updated.
22:15:06.221 INFO  device : gbox001738 has been updated.
22:15:06.226 INFO  device : GBOX001726 has been updated.
22:15:06.235 INFO  device : GBOX001727 has been updated.
22:15:06.243 INFO  device : GBOX001728 has been updated.
22:15:06.244 INFO  device : gbox001740 has been updated.
22:15:06.244 INFO  device : gbox001741 has been updated.
22:15:06.245 INFO  device : gbox001739 has been updated.
22:15:06.251 INFO  device : GBOX001722 has been updated.
22:15:06.254 INFO  device : GBOX001729 has been updated.
22:30:03.261 INFO  Data retrieved from Hager Services
22:30:04.651 INFO  device : GBOX001722 has been updated.
22:30:04.652 INFO  device : GBOX001724 has been updated.
22:30:04.653 INFO  device : GBOX001727 has been updated.
22:30:04.654 INFO  device : GBOX001729 has been updated.
22:30:04.656 INFO  device : GBOX001728 has been updated.
22:30:04.656 INFO  device : gbox001738 has been updated.
22:30:04.662 INFO  device : gbox001741 has been updated.
22:30:04.662 INFO  device : gbox001740 has been updated.
22:30:04.666 INFO  device : gbox001739 has been updated.
22:30:04.667 INFO  device : GBOX001726 has been updated.
22:45:04.284 INFO  Data retrieved from Hager Services
22:45:05.510 INFO  device : gbox001740 has been updated.
22:45:05.539 INFO  device : gbox001739 has been updated.
22:45:05.545 INFO  device : GBOX001726 has been updated.
22:45:05.546 INFO  device : GBOX001724 has been updated.
22:45:05.547 INFO  device : gbox001741 has been updated.
22:45:05.548 INFO  device : gbox001738 has been updated.
22:45:05.551 INFO  device : GBOX001728 has been updated.
22:45:05.552 INFO  device : GBOX001727 has been updated.
22:45:05.554 INFO  device : GBOX001722 has been updated.
22:45:05.556 INFO  device : GBOX001729 has been updated.
23:00:03.619 INFO  Data retrieved from Hager Services
23:00:04.435 INFO  device : GBOX001727 has been updated.
23:00:04.437 INFO  device : GBOX001726 has been updated.
23:00:04.439 INFO  device : gbox001741 has been updated.
23:00:04.445 INFO  device : GBOX001728 has been updated.
23:00:04.447 INFO  device : GBOX001729 has been updated.
23:00:04.450 INFO  device : GBOX001722 has been updated.
23:00:04.453 INFO  device : gbox001739 has been updated.
23:00:04.455 INFO  device : gbox001738 has been updated.
23:00:04.455 INFO  device : GBOX001724 has been updated.
23:00:04.456 INFO  device : gbox001740 has been updated.
23:15:03.502 INFO  Data retrieved from Hager Services
23:15:04.715 INFO  device : gbox001740 has been updated.
23:15:04.718 INFO  device : gbox001738 has been updated.
23:15:04.719 INFO  device : gbox001741 has been updated.
23:15:04.748 INFO  device : GBOX001727 has been updated.
23:15:04.749 INFO  device : GBOX001724 has been updated.
23:15:04.768 INFO  device : GBOX001728 has been updated.
23:15:04.769 INFO  device : GBOX001726 has been updated.
23:15:04.770 INFO  device : GBOX001729 has been updated.
23:15:04.774 INFO  device : GBOX001722 has been updated.
23:15:04.788 INFO  device : gbox001739 has been updated.
23:30:03.091 INFO  Data retrieved from Hager Services
23:30:04.301 INFO  device : gbox001740 has been updated.
23:30:04.329 INFO  device : GBOX001724 has been updated.
23:30:04.331 INFO  device : GBOX001728 has been updated.
23:30:04.338 INFO  device : GBOX001722 has been updated.
23:30:04.340 INFO  device : GBOX001729 has been updated.
23:30:04.340 INFO  device : GBOX001726 has been updated.
23:30:04.344 INFO  device : GBOX001727 has been updated.
23:30:04.347 INFO  device : gbox001741 has been updated.
23:30:04.351 INFO  device : gbox001738 has been updated.
23:30:04.353 INFO  device : gbox001739 has been updated.
23:45:03.193 INFO  Data retrieved from Hager Services
23:45:04.507 INFO  device : GBOX001724 has been updated.
23:45:04.566 INFO  device : GBOX001728 has been updated.
23:45:04.568 INFO  device : GBOX001722 has been updated.
23:45:04.572 INFO  device : GBOX001727 has been updated.
23:45:04.573 INFO  device : GBOX001729 has been updated.
23:45:04.576 INFO  device : gbox001739 has been updated.
23:45:04.579 INFO  device : gbox001740 has been updated.
23:45:04.581 INFO  device : GBOX001726 has been updated.
23:45:04.583 INFO  device : gbox001738 has been updated.
23:45:04.586 INFO  device : gbox001741 has been updated.
